[2024-05-21 09:58:17] [info] Start Program:
Path:"C:\Users\baroa\OneDrive\Desktop\simulare\x64\Debug\simulare.exe"
Arguments:
Working directory: "C:\Users\baroa\OneDrive\Desktop\simulare\simulare\"
Modules: Selected: C:\Users\baroa\OneDrive\Desktop\simulare\x64\Debug\simulare.exe Excluded: 
Sources: Selected: C:\Users\baroa\OneDrive\Desktop\simulare\simulare Excluded: 
Log Level: Normal
Cover Children: 0
Aggregate by file: 1
Continue after C++ exception: 0
Optimized build support: 0
Export: Binary C:\Users\baroa\AppData\Local\Temp\brl2bs5p.j3i 
Input coverage: 
Unified diff: 
Excluded line regular expressions: 
Substitute pdb source paths: 

[2024-05-21 09:58:17] [info] Module: C:\Users\baroa\OneDrive\Desktop\simulare\x64\Debug\simulare.exe is selected because it matches selected pattern: C:\Users\baroa\OneDrive\Desktop\simulare\x64\Debug\simulare.exe
[2024-05-21 09:58:19] [info] ----------------------------------------------------
[2024-05-21 09:58:19] [info] Coverage binary generated in file: C:\Users\baroa\AppData\Local\Temp\brl2bs5p.j3i
[2024-05-21 09:58:19] [info] ----------------------------------------------------
