[2024-06-16 13:07:27] [info] Start Program:
Path:"C:\Users\baroa\OneDrive\Desktop\practic\x64\Debug\practic.exe"
Arguments:
Working directory: "C:\Users\baroa\OneDrive\Desktop\practic\"
Modules: Selected: C:\Users\baroa\OneDrive\Desktop\practic\x64\Debug\practic.exe Excluded: 
Sources: Selected: C:\Users\baroa\OneDrive\Desktop\practic Excluded: 
Log Level: Normal
Cover Children: 0
Aggregate by file: 1
Continue after C++ exception: 0
Optimized build support: 0
Export: Binary C:\Users\baroa\AppData\Local\Temp\qnud20fs.j0r 
Input coverage: 
Unified diff: 
Excluded line regular expressions: 
Substitute pdb source paths: 

[2024-06-16 13:07:27] [info] Module: C:\Users\baroa\OneDrive\Desktop\practic\x64\Debug\practic.exe is selected because it matches selected pattern: C:\Users\baroa\OneDrive\Desktop\practic\x64\Debug\practic.exe
[2024-06-16 13:07:32] [info] ----------------------------------------------------
[2024-06-16 13:07:32] [info] Coverage binary generated in file: C:\Users\baroa\AppData\Local\Temp\qnud20fs.j0r
[2024-06-16 13:07:32] [info] ----------------------------------------------------
