[2024-04-09 09:12:43] [info] Start Program:
Path:"C:\Users\alex\OneDrive\Desktop\OOP\lab 7 OOP\x64\Debug\lab 7 OOP.exe"
Arguments:
Working directory: "C:\Users\alex\OneDrive\Desktop\OOP\lab 7 OOP"
Modules: Selected: C:\Users\alex\OneDrive\Desktop\OOP\lab 7 OOP\x64\Debug\lab 7 OOP.exe Excluded: 
Sources: Selected: C:\Users\alex\OneDrive\Desktop\OOP\lab 7 OOP Excluded: 
Log Level: Normal
Cover Children: 0
Aggregate by file: 1
Continue after C++ exception: 0
Optimized build support: 0
Export: Binary C:\Users\alex\AppData\Local\Temp\spnnkwng.nrn 
Input coverage: 
Unified diff: 
Excluded line regular expressions: 
Substitute pdb source paths: 

[2024-04-09 09:12:43] [info] Module: C:\Users\alex\OneDrive\Desktop\OOP\lab 7 OOP\x64\Debug\lab 7 OOP.exe is selected because it matches selected pattern: C:\Users\alex\OneDrive\Desktop\OOP\lab 7 OOP\x64\Debug\lab 7 OOP.exe
[2024-04-09 09:12:43] [info] ----------------------------------------------------
[2024-04-09 09:12:43] [info] Coverage binary generated in file: C:\Users\alex\AppData\Local\Temp\spnnkwng.nrn
[2024-04-09 09:12:43] [info] ----------------------------------------------------
