[2024-04-16 09:01:53] [info] Start Program:
Path:"C:\Users\alex\OneDrive\Desktop\lab 8 OOP\x64\Debug\lab 8 OOP.exe"
Arguments:
Working directory: "C:\Users\alex\OneDrive\Desktop\lab 8 OOP\"
Modules: Selected: C:\Users\alex\OneDrive\Desktop\lab 8 OOP\x64\Debug\lab 8 OOP.exe Excluded: 
Sources: Selected: C:\Users\alex\OneDrive\Desktop\lab 8 OOP Excluded: 
Log Level: Normal
Cover Children: 0
Aggregate by file: 1
Continue after C++ exception: 0
Optimized build support: 0
Export: Binary C:\Users\alex\AppData\Local\Temp\f53ee3sa.b5t 
Input coverage: 
Unified diff: 
Excluded line regular expressions: 
Substitute pdb source paths: 

[2024-04-16 09:01:53] [info] Module: C:\Users\alex\OneDrive\Desktop\lab 8 OOP\x64\Debug\lab 8 OOP.exe is selected because it matches selected pattern: C:\Users\alex\OneDrive\Desktop\lab 8 OOP\x64\Debug\lab 8 OOP.exe
[2024-04-16 09:01:54] [info] ----------------------------------------------------
[2024-04-16 09:01:54] [info] Coverage binary generated in file: C:\Users\alex\AppData\Local\Temp\f53ee3sa.b5t
[2024-04-16 09:01:54] [info] ----------------------------------------------------
