[2024-03-18 21:51:09] [info] Start Program:
Path:"C:\Users\alex\OneDrive\Desktop\lab 3 OOP\x64\Debug\lab 3 OOP.exe"
Arguments:
Working directory: "C:\Users\alex\OneDrive\Desktop\lab 3 OOP\"
Modules: Selected: C:\Users\alex\OneDrive\Desktop\lab 3 OOP\x64\Debug\lab 3 OOP.exe Excluded: 
Sources: Selected: C:\Users\alex\OneDrive\Desktop\lab 3 OOP C:\Users\alex\OneDrive\Desktop\OOP\lab 3 Excluded: 
Log Level: Normal
Cover Children: 0
Aggregate by file: 1
Continue after C++ exception: 0
Optimized build support: 0
Export: Binary C:\Users\alex\AppData\Local\Temp\bvctja1y.25k 
Input coverage: 
Unified diff: 
Excluded line regular expressions: 
Substitute pdb source paths: 

[2024-03-18 21:51:09] [info] Module: C:\Users\alex\OneDrive\Desktop\lab 3 OOP\x64\Debug\lab 3 OOP.exe is selected because it matches selected pattern: C:\Users\alex\OneDrive\Desktop\lab 3 OOP\x64\Debug\lab 3 OOP.exe
[2024-03-18 21:51:37] [info] ----------------------------------------------------
[2024-03-18 21:51:37] [info] Coverage binary generated in file: C:\Users\alex\AppData\Local\Temp\bvctja1y.25k
[2024-03-18 21:51:37] [info] ----------------------------------------------------
[2024-03-18 21:51:37] [error] Your program stop with error code: 1
