[2024-03-26 08:42:03] [info] Start Program:
Path:"C:\Users\alex\OneDrive\Desktop\OOP\lab 5 OOP\x64\Debug\lab 5 OOP.exe"
Arguments:
Working directory: "C:\Users\alex\OneDrive\Desktop\OOP\lab 5 OOP"
Modules: Selected: C:\Users\alex\OneDrive\Desktop\OOP\lab 5 OOP\x64\Debug\lab 5 OOP.exe Excluded: 
Sources: Selected: C:\Users\alex\OneDrive\Desktop\OOP\lab 5 OOP Excluded: 
Log Level: Normal
Cover Children: 0
Aggregate by file: 1
Continue after C++ exception: 0
Optimized build support: 0
Export: Binary C:\Users\alex\AppData\Local\Temp\bm0d50bm.cxa 
Input coverage: 
Unified diff: 
Excluded line regular expressions: 
Substitute pdb source paths: 

[2024-03-26 08:42:04] [info] Module: C:\Users\alex\OneDrive\Desktop\OOP\lab 5 OOP\x64\Debug\lab 5 OOP.exe is selected because it matches selected pattern: C:\Users\alex\OneDrive\Desktop\OOP\lab 5 OOP\x64\Debug\lab 5 OOP.exe
[2024-03-26 08:42:04] [info] ----------------------------------------------------
[2024-03-26 08:42:04] [info] Coverage binary generated in file: C:\Users\alex\AppData\Local\Temp\bm0d50bm.cxa
[2024-03-26 08:42:04] [info] ----------------------------------------------------
